<?xml version="1.0" encoding="UTF-8"?>
<!-- Generated by org.testng.reporters.JUnitReportReporter -->
<testsuite hostname="Lenovo-Ott" failures="0" tests="2" name="UltimateQATest" time="5.380" errors="0" timestamp="2022-01-09T14:49:31 EET" skipped="0">
  <testcase classname="UltimateQATest" name="test1" time="5.380"/>
  <system-out/>
  <testcase classname="UltimateQATest" name="test2" time="0.000"/>
  <system-out/>
</testsuite> <!-- UltimateQATest -->
