<?xml version="1.0" encoding="UTF-8"?>
<!-- Generated by org.testng.reporters.JUnitReportReporter -->
<testsuite hostname="Lenovo-Ott" failures="0" tests="5" name="AutomationPracticeTest" time="22.685" errors="0" timestamp="2022-01-09T14:49:31 EET" skipped="0">
  <testcase classname="AutomationPracticeTest" name="blouseTest" time="5.945"/>
  <system-out/>
  <testcase classname="AutomationPracticeTest" name="womenProductsTest" time="1.977"/>
  <system-out/>
  <testcase classname="AutomationPracticeTest" name="pickDressTest" time="5.254"/>
  <system-out/>
  <testcase classname="AutomationPracticeTest" name="dressesTest" time="2.413"/>
  <system-out/>
  <testcase classname="AutomationPracticeTest" name="nextInteractivePicture" time="7.096"/>
  <system-out/>
</testsuite> <!-- AutomationPracticeTest -->
